1624806492185	geckodriver	INFO	Listening on 127.0.0.1:50990
1624807459906	geckodriver	INFO	Listening on 127.0.0.1:52350
1624807462901	mozrunner::runner	INFO	Running command: "C:\\Program Files\\Mozilla Firefox\\firefox.exe" "--marionette" "-foreground" "-no-remote" "-profile" "C:\\Users\\newday\\AppData\\Local\\Temp\\rust_mozprofileuAWAvH"
[GFX1]: Potential driver version mismatch ignored due to missing DLLs igd10umd64 v= and igd10iumd64 v=
1624807463532	Marionette	INFO	Marionette enabled
[GFX1]: Potential driver version mismatch ignored due to missing DLLs igd10umd64 v= and igd10iumd64 v=
[GFX1]: Potential driver version mismatch ignored due to missing DLLs igd10umd64 v= and igd10iumd64 v=
[GFX1]: Potential driver version mismatch ignored due to missing DLLs igd10umd64 v= and igd10iumd64 v=
console.warn: SearchSettings: "get: No settings file exists, new profile?" (new NotFoundError("Could not open the file at C:\\Users\\newday\\AppData\\Local\\Temp\\rust_mozprofileuAWAvH\\search.json.mozlz4", (void 0)))
[GFX1]: Potential driver version mismatch ignored due to missing DLLs igd10umd64 v= and igd10iumd64 v=
1624807465995	Marionette	INFO	Listening on port 59737
1624807466057	Marionette	WARN	TLS certificate errors will be ignored for this session
1624807476989	Marionette	INFO	Stopped listening on port 59737

###!!! [Child][RunMessage] Error: Channel closing: too late to send/recv, messages will be lost

1624808342407	geckodriver	INFO	Listening on 127.0.0.1:61143
1624808345368	mozrunner::runner	INFO	Running command: "C:\\Program Files\\Mozilla Firefox\\firefox.exe" "--marionette" "-foreground" "-no-remote" "-profile" "C:\\Users\\newday\\AppData\\Local\\Temp\\rust_mozprofile6KIgYL"
[GFX1]: Potential driver version mismatch ignored due to missing DLLs igd10umd64 v= and igd10iumd64 v=
1624808345864	Marionette	INFO	Marionette enabled
[GFX1]: Potential driver version mismatch ignored due to missing DLLs igd10umd64 v= and igd10iumd64 v=
[GFX1]: Potential driver version mismatch ignored due to missing DLLs igd10umd64 v= and igd10iumd64 v=
[GFX1]: Potential driver version mismatch ignored due to missing DLLs igd10umd64 v= and igd10iumd64 v=
console.warn: SearchSettings: "get: No settings file exists, new profile?" (new NotFoundError("Could not open the file at C:\\Users\\newday\\AppData\\Local\\Temp\\rust_mozprofile6KIgYL\\search.json.mozlz4", (void 0)))
1624808347647	Marionette	INFO	Listening on port 59460
[GFX1]: Potential driver version mismatch ignored due to missing DLLs igd10umd64 v= and igd10iumd64 v=
[GFX1]: Potential driver version mismatch ignored due to missing DLLs igd10umd64 v= and igd10iumd64 v=
1624808348015	Marionette	WARN	TLS certificate errors will be ignored for this session
1624808551021	Marionette	INFO	Stopped listening on port 59460

###!!! [Child][RunMessage] Error: Channel closing: too late to send/recv, messages will be lost

"--marionette" "-foreground" "-no-remote" "-profile" "C:\\Users\\newday\\AppData\\Local\\Temp\\rust_mozprofile4weu8T"
[GFX1]: Potential driver version mismatch ignored due to missing DLLs igd10umd64 v= and igd10iumd64 v=
1624808551251	Marionette	INFO	Marionette enabled
[GFX1]: Potential driver version mismatch ignored due to missing DLLs igd10umd64 v= and igd10iumd64 v=
[GFX1]: Potential driver version mismatch ignored due to missing DLLs igd10umd64 v= and igd10iumd64 v=
[GFX1]: Potential driver version mismatch ignored due to missing DLLs igd10umd64 v= and igd10iumd64 v=
console.warn: SearchSettings: "get: No settings file exists, new profile?" (new NotFoundError("Could not open the file at C:\\Users\\newday\\AppData\\Local\\Temp\\rust_mozprofile4weu8T\\search.json.mozlz4", (void 0)))
1624808553745	Marionette	INFO	Listening on port 61622
[GFX1]: Potential driver version mismatch ignored due to missing DLLs igd10umd64 v= and igd10iumd64 v=
[GFX1]: Potential driver version mismatch ignored due to missing DLLs igd10umd64 v= and igd10iumd64 v=
1624808553920	Marionette	WARN	TLS certificate errors will be ignored for this session
1624808844651	Marionette	INFO	Stopped listening on port 61622

###!!! [Child][RunMessage] Error: Channel closing: too late to send/recv, messages will be lost

1624808935869	geckodriver	INFO	Listening on 127.0.0.1:59556
1624808940346	mozrunner::runner	INFO	Running command: "C:\\Program Files\\Mozilla Firefox\\firefox.exe" "--marionette" "-foreground" "-no-remote" "-profile" "C:\\Users\\newday\\AppData\\Local\\Temp\\rust_mozprofileaoS0dl"
[GFX1]: Potential driver version mismatch ignored due to missing DLLs igd10umd64 v= and igd10iumd64 v=
1624808940572	Marionette	INFO	Marionette enabled
[GFX1]: Potential driver version mismatch ignored due to missing DLLs igd10umd64 v= and igd10iumd64 v=
[GFX1]: Potential driver version mismatch ignored due to missing DLLs igd10umd64 v= and igd10iumd64 v=
[GFX1]: Potential driver version mismatch ignored due to missing DLLs igd10umd64 v= and igd10iumd64 v=
1624808941740	Marionette	INFO	Listening on port 51590
1624808941881	Marionette	WARN	TLS certificate errors will be ignored for this session
[GFX1]: Potential driver version mismatch ignored due to missing DLLs igd10umd64 v= and igd10iumd64 v=
JavaScript warning: https://pocketoption.com/platform/vendor.js?v=1624549480, line 2: WebGL context was lost.
console.log: WebExtensions: reset-default-search: starting.
console.log: WebExtensions: reset-default-search: No addons in our list are installed.
[Parent 5800, IPC I/O Parent] WARNING: file /builds/worker/checkouts/gecko/ipc/chromium/src/base/process_util_win.cc:167
1624809236975	Marionette	INFO	Stopped listening on port 51590

###!!! [Child][RunMessage] Error: Channel closing: too late to send/recv, messages will be lost

1624863038626	geckodriver	INFO	Listening on 127.0.0.1:54415
1624863042476	mozrunner::runner	INFO	Running command: "C:\\Program Files\\Mozilla Firefox\\firefox.exe" "--marionette" "-foreground" "-no-remote" "-profile" "C:\\Users\\newday\\AppData\\Local\\Temp\\rust_mozprofileaN68Ic"
[GFX1]: Potential driver version mismatch ignored due to missing DLLs igd10umd64 v= and igd10iumd64 v=
1624863042782	Marionette	INFO	Marionette enabled
[GFX1]: Potential driver version mismatch ignored due to missing DLLs igd10umd64 v= and igd10iumd64 v=
[GFX1]: Potential driver version mismatch ignored due to missing DLLs igd10umd64 v= and igd10iumd64 v=
[GFX1]: Potential driver version mismatch ignored due to missing DLLs igd10umd64 v= and igd10iumd64 v=
1624863044010	Marionette	INFO	Listening on port 58945
[GFX1]: Potential driver version mismatch ignored due to missing DLLs igd10umd64 v= and igd10iumd64 v=
1624863044527	Marionette	WARN	TLS certificate errors will be ignored for this session
JavaScript warning: https://pocketoption.com/platform/vendor.js?v=1624549480, line 2: WebGL context was lost.
console.log: WebExtensions: reset-default-search: starting.
console.log: WebExtensions: reset-default-search: No addons in our list are installed.
1624863342689	Marionette	INFO	Stopped listening on port 58945

###!!! [Child][RunMessage] Error: Channel closing: too late to send/recv, messages will be lost

1624863345881	geckodriver	INFO	Listening on 127.0.0.1:51748
1624863350519	mozrunner::runner	INFO	Running command: "C:\\Program Files\\Mozilla Firefox\\firefox.exe" "--marionette" "-foreground" "-no-remote" "-profile" "C:\\Users\\newday\\AppData\\Local\\Temp\\rust_mozprofileHWVBZa"
[GFX1]: Potential driver version mismatch ignored due to missing DLLs igd10umd64 v= and igd10iumd64 v=
1624863350818	Marionette	INFO	Marionette enabled
[GFX1]: Potential driver version mismatch ignored due to missing DLLs igd10umd64 v= and igd10iumd64 v=
[GFX1]: Potential driver version mismatch ignored due to missing DLLs igd10umd64 v= and igd10iumd64 v=
[GFX1]: Potential driver version mismatch ignored due to missing DLLs igd10umd64 v= and igd10iumd64 v=
1624863352158	Marionette	INFO	Listening on port 65455
[GFX1]: Potential driver version mismatch ignored due to missing DLLs igd10umd64 v= and igd10iumd64 v=
1624863352572	Marionette	WARN	TLS certificate errors will be ignored for this session
JavaScript warning: https://pocketoption.com/platform/vendor.js?v=1624549480, line 2: WebGL context was lost.
console.log: WebExtensions: reset-default-search: starting.
console.log: WebExtensions: reset-default-search: No addons in our list are installed.
JavaScript error: , line 0: NS_ERROR_NOT_AVAILABLE
1624863990905	Marionette	INFO	Stopped listening on port 65455

###!!! [Child][RunMessage] Error: Channel closing: too late to send/recv, messages will be lost

1624958796741	geckodriver	INFO	Listening on 127.0.0.1:51072
1624958800593	mozrunner::runner	INFO	Running command: "C:\\Program Files\\Mozilla Firefox\\firefox.exe" "--marionette" "-foreground" "-no-remote" "-profile" "C:\\Users\\newday\\AppData\\Local\\Temp\\rust_mozprofileVNcRuC"
[GFX1]: Potential driver version mismatch ignored due to missing DLLs igd10umd64 v= and igd10iumd64 v=
1624958800976	Marionette	INFO	Marionette enabled
[GFX1]: Potential driver version mismatch ignored due to missing DLLs igd10umd64 v= and igd10iumd64 v=
[GFX1]: Potential driver version mismatch ignored due to missing DLLs igd10umd64 v= and igd10iumd64 v=
[GFX1]: Potential driver version mismatch ignored due to missing DLLs igd10umd64 v= and igd10iumd64 v=
1624958802566	Marionette	INFO	Listening on port 53115
1624958802630	Marionette	WARN	TLS certificate errors will be ignored for this session
[GFX1]: Potential driver version mismatch ignored due to missing DLLs igd10umd64 v= and igd10iumd64 v=
JavaScript warning: https://pocketoption.com/platform/vendor.js?v=1624951422, line 2: unreachable code after return statement
JavaScript warning: https://pocketoption.com/platform/vendor.js?v=1624951422, line 2: unreachable code after return statement
JavaScript warning: https://pocketoption.com/platform/vendor.js?v=1624951422, line 2: unreachable code after return statement
JavaScript warning: https://pocketoption.com/platform/vendor.js?v=1624951422, line 2: WebGL context was lost.
1624958936528	Marionette	INFO	Stopped listening on port 53115

###!!! [Child][RunMessage] Error: Channel closing: too late to send/recv, messages will be lost

